Performing C SOURCE FILE Test CMAKE_HAVE_LIBC_PTHREAD failed with the following output:
Change Dir: /home/roger/Mestrado/pasta01/build/CMakeFiles/CMakeTmp

Run Build Command(s):/usr/bin/make cmTC_1058a/fast && /usr/bin/make -f CMakeFiles/cmTC_1058a.dir/build.make CMakeFiles/cmTC_1058a.dir/build
make[1]: Entering directory '/home/roger/Mestrado/pasta01/build/CMakeFiles/CMakeTmp'
Building C object CMakeFiles/cmTC_1058a.dir/src.c.o
/usr/bin/cc   -DCMAKE_HAVE_LIBC_PTHREAD   -o CMakeFiles/cmTC_1058a.dir/src.c.o   -c /home/roger/Mestrado/pasta01/build/CMakeFiles/CMakeTmp/src.c
Linking C executable cmTC_1058a
/usr/local/bin/cmake -E cmake_link_script CMakeFiles/cmTC_1058a.dir/link.txt --verbose=1
/usr/bin/cc  -DCMAKE_HAVE_LIBC_PTHREAD    -rdynamic CMakeFiles/cmTC_1058a.dir/src.c.o  -o cmTC_1058a 
CMakeFiles/cmTC_1058a.dir/src.c.o: In function `main':
src.c:(.text+0x3e): undefined reference to `pthread_create'
src.c:(.text+0x4a): undefined reference to `pthread_detach'
src.c:(.text+0x5b): undefined reference to `pthread_join'
src.c:(.text+0x6f): undefined reference to `pthread_atfork'
collect2: error: ld returned 1 exit status
CMakeFiles/cmTC_1058a.dir/build.make:86: recipe for target 'cmTC_1058a' failed
make[1]: *** [cmTC_1058a] Error 1
make[1]: Leaving directory '/home/roger/Mestrado/pasta01/build/CMakeFiles/CMakeTmp'
Makefile:121: recipe for target 'cmTC_1058a/fast' failed
make: *** [cmTC_1058a/fast] Error 2


Source file was:
#include <pthread.h>

void* test_func(void* data)
{
  return data;
}

int main(void)
{
  pthread_t thread;
  pthread_create(&thread, NULL, test_func, NULL);
  pthread_detach(thread);
  pthread_join(thread, NULL);
  pthread_atfork(NULL, NULL, NULL);
  pthread_exit(NULL);

  return 0;
}

Determining if the function pthread_create exists in the pthreads failed with the following output:
Change Dir: /home/roger/Mestrado/pasta01/build/CMakeFiles/CMakeTmp

Run Build Command(s):/usr/bin/make cmTC_70156/fast && /usr/bin/make -f CMakeFiles/cmTC_70156.dir/build.make CMakeFiles/cmTC_70156.dir/build
make[1]: Entering directory '/home/roger/Mestrado/pasta01/build/CMakeFiles/CMakeTmp'
Building C object CMakeFiles/cmTC_70156.dir/CheckFunctionExists.c.o
/usr/bin/cc   -DCHECK_FUNCTION_EXISTS=pthread_create   -o CMakeFiles/cmTC_70156.dir/CheckFunctionExists.c.o   -c /usr/local/share/cmake-3.15/Modules/CheckFunctionExists.c
Linking C executable cmTC_70156
/usr/local/bin/cmake -E cmake_link_script CMakeFiles/cmTC_70156.dir/link.txt --verbose=1
/usr/bin/cc  -DCHECK_FUNCTION_EXISTS=pthread_create    -rdynamic CMakeFiles/cmTC_70156.dir/CheckFunctionExists.c.o  -o cmTC_70156 -lpthreads 
/usr/bin/ld: cannot find -lpthreads
collect2: error: ld returned 1 exit status
CMakeFiles/cmTC_70156.dir/build.make:86: recipe for target 'cmTC_70156' failed
make[1]: *** [cmTC_70156] Error 1
make[1]: Leaving directory '/home/roger/Mestrado/pasta01/build/CMakeFiles/CMakeTmp'
Makefile:121: recipe for target 'cmTC_70156/fast' failed
make: *** [cmTC_70156/fast] Error 2



